<?xml version="1.0" encoding="UTF-8"?>
<testsuite name="testIntToNumeral" tests="13" skipped="0" failures="0" errors="0" timestamp="2019-08-20T00:18:12" hostname="C02Y309QJG5J" time="0.004">
  <properties/>
  <testcase name="testIntegers[0: 0 = ]" classname="testIntToNumeral" time="0.001"/>
  <testcase name="testIntegers[1: 1 = i]" classname="testIntToNumeral" time="0.0"/>
  <testcase name="testIntegers[2: 2 = ii]" classname="testIntToNumeral" time="0.0"/>
  <testcase name="testIntegers[3: 3 = iii]" classname="testIntToNumeral" time="0.0"/>
  <testcase name="testIntegers[4: 5 = v]" classname="testIntToNumeral" time="0.0"/>
  <testcase name="testIntegers[5: 10 = x]" classname="testIntToNumeral" time="0.0"/>
  <testcase name="testIntegers[6: 6 = vi]" classname="testIntToNumeral" time="0.0"/>
  <testcase name="testIntegers[7: 4 = iv]" classname="testIntToNumeral" time="0.001"/>
  <testcase name="testIntegers[8: 16 = xvi]" classname="testIntToNumeral" time="0.0"/>
  <testcase name="testIntegers[9: 28 = xxviii]" classname="testIntToNumeral" time="0.0"/>
  <testcase name="testIntegers[10: 9 = ix]" classname="testIntToNumeral" time="0.0"/>
  <testcase name="testIntegers[11: 19 = xix]" classname="testIntToNumeral" time="0.0"/>
  <testcase name="testIntegers[12: 29 = xxix]" classname="testIntToNumeral" time="0.0"/>
  <system-out><![CDATA[]]></system-out>
  <system-err><![CDATA[]]></system-err>
</testsuite>
